<?xml version="1.0" encoding="UTF-8"?>
<!-- Generated by org.testng.reporters.JUnitReportReporter -->
<testsuite hostname="LUK-HHPYPF2" name="mercuryTravelTests.TestHomePage" tests="1" failures="0" timestamp="24 Aug 2017 16:09:50 GMT" time="7.380" errors="0">
  <testcase name="verifyUserLoginWithCorrectCredetials" time="7.380" classname="mercuryTravelTests.TestHomePage"/>
</testsuite> <!-- mercuryTravelTests.TestHomePage -->
